<?xml version="1.0" encoding="UTF-8"?>
<!-- Generated by org.testng.reporters.JUnitReportReporter -->
<testsuite skipped="0" hostname="LAPTOP-U9F30SBI" name="PageTest" tests="1" failures="0" timestamp="22 Apr 2018 12:03:55 GMT" time="32.702" errors="0">
  <testcase name="test1" time="32.702" classname="PageTest"/>
</testsuite> <!-- PageTest -->
